# JRE version: OpenJDK Runtime Environment (17.0.6) (build 17.0.6+0-b2043.56-10027231)
# Java VM: OpenJDK 64-Bit Server VM (17.0.6+0-b2043.56-10027231, mixed mode, tiered, compressed oops, compressed class ptrs, g1 gc, windows-amd64)
GC Precious Log:
 CPUs: 16 total, 16 available
 Memory: 16085M
 Large Page Support: Disabled
 NUMA Support: Disabled
 Compressed Oops: Enabled (32-bit)
 Heap Region Size: 1M
 Heap Min Capacity: 8M
 Heap Initial Capacity: 252M
 Heap Max Capacity: 2G
 Pre-touch: Disabled
 Parallel Workers: 13
 Concurrent Workers: 3
 Concurrent Refinement Workers: 13
 Periodic GC: Disabled
Heap:
 garbage-first heap   total 136192K, used 87555K [0x0000000080000000, 0x0000000100000000)
  region size 1024K, 20 young (20480K), 6 survivors (6144K)
 Metaspace       used 92082K, committed 92672K, reserved 1130496K
  class space    used 12344K, committed 12608K, reserved 1048576K
GC Heap History (20 events):
Event: 5.118 GC heap before
{Heap before GC invocations=13 (full 0):
 garbage-first heap   total 65536K, used 35524K [0x0000000080000000, 0x0000000100000000)
  region size 1024K, 8 young (8192K), 1 survivors (1024K)
 Metaspace       used 43998K, committed 44480K, reserved 1089536K
  class space    used 5735K, committed 5952K, reserved 1048576K
}
Event: 5.119 GC heap after
{Heap after GC invocations=14 (full 0):
 garbage-first heap   total 136192K, used 31548K [0x0000000080000000, 0x0000000100000000)
  region size 1024K, 2 young (2048K), 2 survivors (2048K)
 Metaspace       used 43998K, committed 44480K, reserved 1089536K
  class space    used 5735K, committed 5952K, reserved 1048576K
}
Event: 6.388 GC heap before
{Heap before GC invocations=14 (full 0):
 garbage-first heap   total 136192K, used 103228K [0x0000000080000000, 0x0000000100000000)
  region size 1024K, 71 young (72704K), 2 survivors (2048K)
 Metaspace       used 53170K, committed 53696K, reserved 1097728K
  class space    used 7074K, committed 7296K, reserved 1048576K
}
Event: 6.393 GC heap after
{Heap after GC invocations=15 (full 0):
 garbage-first heap   total 136192K, used 35485K [0x0000000080000000, 0x0000000100000000)
  region size 1024K, 6 young (6144K), 6 survivors (6144K)
 Metaspace       used 53170K, committed 53696K, reserved 1097728K
  class space    used 7074K, committed 7296K, reserved 1048576K
}
Event: 7.420 GC heap before
{Heap before GC invocations=15 (full 0):
 garbage-first heap   total 136192K, used 107165K [0x0000000080000000, 0x0000000100000000)
  region size 1024K, 72 young (73728K), 6 survivors (6144K)
 Metaspace       used 58212K, committed 58688K, reserved 1105920K
  class space    used 7685K, committed 7872K, reserved 1048576K
}
Event: 7.426 GC heap after
{Heap after GC invocations=16 (full 0):
 garbage-first heap   total 136192K, used 45743K [0x0000000080000000, 0x0000000100000000)
  region size 1024K, 9 young (9216K), 9 survivors (9216K)
 Metaspace       used 58212K, committed 58688K, reserved 1105920K
  class space    used 7685K, committed 7872K, reserved 1048576K
}
Event: 7.584 GC heap before
{Heap before GC invocations=16 (full 0):
 garbage-first heap   total 136192K, used 55983K [0x0000000080000000, 0x0000000100000000)
  region size 1024K, 20 young (20480K), 9 survivors (9216K)
 Metaspace       used 59989K, committed 60480K, reserved 1105920K
  class space    used 7882K, committed 8128K, reserved 1048576K
}
Event: 7.588 GC heap after
{Heap after GC invocations=17 (full 0):
 garbage-first heap   total 136192K, used 46803K [0x0000000080000000, 0x0000000100000000)
  region size 1024K, 2 young (2048K), 2 survivors (2048K)
 Metaspace       used 59989K, committed 60480K, reserved 1105920K
  class space    used 7882K, committed 8128K, reserved 1048576K
}
Event: 8.495 GC heap before
{Heap before GC invocations=18 (full 0):
 garbage-first heap   total 136192K, used 112339K [0x0000000080000000, 0x0000000100000000)
  region size 1024K, 60 young (61440K), 2 survivors (2048K)
 Metaspace       used 67360K, committed 67904K, reserved 1114112K
  class space    used 8856K, committed 9152K, reserved 1048576K
}
Event: 8.498 GC heap after
{Heap after GC invocations=19 (full 0):
 garbage-first heap   total 136192K, used 51508K [0x0000000080000000, 0x0000000100000000)
  region size 1024K, 6 young (6144K), 6 survivors (6144K)
 Metaspace       used 67360K, committed 67904K, reserved 1114112K
  class space    used 8856K, committed 9152K, reserved 1048576K
}
Event: 9.206 GC heap before
{Heap before GC invocations=19 (full 0):
 garbage-first heap   total 136192K, used 105780K [0x0000000080000000, 0x0000000100000000)
  region size 1024K, 60 young (61440K), 6 survivors (6144K)
 Metaspace       used 73835K, committed 74432K, reserved 1114112K
  class space    used 9703K, committed 9984K, reserved 1048576K
}
Event: 9.211 GC heap after
{Heap after GC invocations=20 (full 0):
 garbage-first heap   total 136192K, used 55533K [0x0000000080000000, 0x0000000100000000)
  region size 1024K, 4 young (4096K), 4 survivors (4096K)
 Metaspace       used 73835K, committed 74432K, reserved 1114112K
  class space    used 9703K, committed 9984K, reserved 1048576K
}
Event: 10.090 GC heap before
{Heap before GC invocations=20 (full 0):
 garbage-first heap   total 136192K, used 107757K [0x0000000080000000, 0x0000000100000000)
  region size 1024K, 54 young (55296K), 4 survivors (4096K)
 Metaspace       used 79301K, committed 79808K, reserved 1122304K
  class space    used 10626K, committed 10880K, reserved 1048576K
}
Event: 10.095 GC heap after
{Heap after GC invocations=21 (full 0):
 garbage-first heap   total 136192K, used 58088K [0x0000000080000000, 0x0000000100000000)
  region size 1024K, 3 young (3072K), 3 survivors (3072K)
 Metaspace       used 79301K, committed 79808K, reserved 1122304K
  class space    used 10626K, committed 10880K, reserved 1048576K
}
Event: 10.871 GC heap before
{Heap before GC invocations=21 (full 0):
 garbage-first heap   total 136192K, used 108264K [0x0000000080000000, 0x0000000100000000)
  region size 1024K, 52 young (53248K), 3 survivors (3072K)
 Metaspace       used 84270K, committed 84864K, reserved 1130496K
  class space    used 11347K, committed 11648K, reserved 1048576K
}
Event: 10.876 GC heap after
{Heap after GC invocations=22 (full 0):
 garbage-first heap   total 136192K, used 61528K [0x0000000080000000, 0x0000000100000000)
  region size 1024K, 6 young (6144K), 6 survivors (6144K)
 Metaspace       used 84270K, committed 84864K, reserved 1130496K
  class space    used 11347K, committed 11648K, reserved 1048576K
}
Event: 11.711 GC heap before
{Heap before GC invocations=22 (full 0):
 garbage-first heap   total 136192K, used 109656K [0x0000000080000000, 0x0000000100000000)
  region size 1024K, 53 young (54272K), 6 survivors (6144K)
 Metaspace       used 89699K, committed 90304K, reserved 1130496K
  class space    used 12130K, committed 12416K, reserved 1048576K
}
Event: 11.719 GC heap after
{Heap after GC invocations=23 (full 0):
 garbage-first heap   total 136192K, used 65631K [0x0000000080000000, 0x0000000100000000)
  region size 1024K, 5 young (5120K), 5 survivors (5120K)
 Metaspace       used 89699K, committed 90304K, reserved 1130496K
  class space    used 12130K, committed 12416K, reserved 1048576K
}
Event: 12.072 GC heap before
{Heap before GC invocations=23 (full 0):
 garbage-first heap   total 136192K, used 108639K [0x0000000080000000, 0x0000000100000000)
  region size 1024K, 48 young (49152K), 5 survivors (5120K)
 Metaspace       used 90328K, committed 90944K, reserved 1130496K
  class space    used 12178K, committed 12480K, reserved 1048576K
}
Event: 12.080 GC heap after
{Heap after GC invocations=24 (full 0):
 garbage-first heap   total 136192K, used 73219K [0x0000000080000000, 0x0000000100000000)
  region size 1024K, 6 young (6144K), 6 survivors (6144K)
 Metaspace       used 90328K, committed 90944K, reserved 1130496K
  class space    used 12178K, committed 12480K, reserved 1048576K
}

