# JRE version: OpenJDK Runtime Environment (17.0.6) (build 17.0.6+0-b2043.56-10027231)
# Java VM: OpenJDK 64-Bit Server VM (17.0.6+0-b2043.56-10027231, mixed mode, tiered, compressed oops, compressed class ptrs, g1 gc, windows-amd64)
GC Precious Log:
 CPUs: 16 total, 16 available
 Memory: 16085M
 Large Page Support: Disabled
 NUMA Support: Disabled
 Compressed Oops: Enabled (32-bit)
 Heap Region Size: 1M
 Heap Min Capacity: 8M
 Heap Initial Capacity: 252M
 Heap Max Capacity: 2G
 Pre-touch: Disabled
 Parallel Workers: 13
 Concurrent Workers: 3
 Concurrent Refinement Workers: 13
 Periodic GC: Disabled
Heap:
 garbage-first heap   total 86016K, used 60825K [0x0000000080000000, 0x0000000100000000)
  region size 1024K, 12 young (12288K), 3 survivors (3072K)
 Metaspace       used 65583K, committed 66176K, reserved 1105920K
  class space    used 8627K, committed 8896K, reserved 1048576K
GC Heap History (20 events):
Event: 5.354 GC heap before
{Heap before GC invocations=8 (full 0):
 garbage-first heap   total 71680K, used 51770K [0x0000000080000000, 0x0000000100000000)
  region size 1024K, 32 young (32768K), 4 survivors (4096K)
 Metaspace       used 40850K, committed 41152K, reserved 1089536K
  class space    used 5378K, committed 5504K, reserved 1048576K
}
Event: 5.359 GC heap after
{Heap after GC invocations=9 (full 0):
 garbage-first heap   total 71680K, used 28470K [0x0000000080000000, 0x0000000100000000)
  region size 1024K, 4 young (4096K), 4 survivors (4096K)
 Metaspace       used 40850K, committed 41152K, reserved 1089536K
  class space    used 5378K, committed 5504K, reserved 1048576K
}
Event: 5.837 GC heap before
{Heap before GC invocations=9 (full 0):
 garbage-first heap   total 71680K, used 56118K [0x0000000080000000, 0x0000000100000000)
  region size 1024K, 28 young (28672K), 4 survivors (4096K)
 Metaspace       used 43611K, committed 44096K, reserved 1089536K
  class space    used 5689K, committed 5888K, reserved 1048576K
}
Event: 5.840 GC heap after
{Heap after GC invocations=10 (full 0):
 garbage-first heap   total 71680K, used 29707K [0x0000000080000000, 0x0000000100000000)
  region size 1024K, 3 young (3072K), 3 survivors (3072K)
 Metaspace       used 43611K, committed 44096K, reserved 1089536K
  class space    used 5689K, committed 5888K, reserved 1048576K
}
Event: 6.215 GC heap before
{Heap before GC invocations=10 (full 0):
 garbage-first heap   total 71680K, used 53259K [0x0000000080000000, 0x0000000100000000)
  region size 1024K, 26 young (26624K), 3 survivors (3072K)
 Metaspace       used 46118K, committed 46528K, reserved 1089536K
  class space    used 5995K, committed 6208K, reserved 1048576K
}
Event: 6.218 GC heap after
{Heap after GC invocations=11 (full 0):
 garbage-first heap   total 71680K, used 30932K [0x0000000080000000, 0x0000000100000000)
  region size 1024K, 4 young (4096K), 4 survivors (4096K)
 Metaspace       used 46118K, committed 46528K, reserved 1089536K
  class space    used 5995K, committed 6208K, reserved 1048576K
}
Event: 6.570 GC heap before
{Heap before GC invocations=11 (full 0):
 garbage-first heap   total 71680K, used 53460K [0x0000000080000000, 0x0000000100000000)
  region size 1024K, 27 young (27648K), 4 survivors (4096K)
 Metaspace       used 49345K, committed 49728K, reserved 1097728K
  class space    used 6526K, committed 6720K, reserved 1048576K
}
Event: 6.573 GC heap after
{Heap after GC invocations=12 (full 0):
 garbage-first heap   total 71680K, used 32624K [0x0000000080000000, 0x0000000100000000)
  region size 1024K, 4 young (4096K), 4 survivors (4096K)
 Metaspace       used 49345K, committed 49728K, reserved 1097728K
  class space    used 6526K, committed 6720K, reserved 1048576K
}
Event: 6.928 GC heap before
{Heap before GC invocations=12 (full 0):
 garbage-first heap   total 71680K, used 55152K [0x0000000080000000, 0x0000000100000000)
  region size 1024K, 26 young (26624K), 4 survivors (4096K)
 Metaspace       used 52336K, committed 52800K, reserved 1097728K
  class space    used 6983K, committed 7168K, reserved 1048576K
}
Event: 6.932 GC heap after
{Heap after GC invocations=13 (full 0):
 garbage-first heap   total 71680K, used 33578K [0x0000000080000000, 0x0000000100000000)
  region size 1024K, 3 young (3072K), 3 survivors (3072K)
 Metaspace       used 52336K, committed 52800K, reserved 1097728K
  class space    used 6983K, committed 7168K, reserved 1048576K
}
Event: 7.329 GC heap before
{Heap before GC invocations=13 (full 0):
 garbage-first heap   total 71680K, used 56106K [0x0000000080000000, 0x0000000100000000)
  region size 1024K, 25 young (25600K), 3 survivors (3072K)
 Metaspace       used 53405K, committed 53824K, reserved 1097728K
  class space    used 7095K, committed 7296K, reserved 1048576K
}
Event: 7.333 GC heap after
{Heap after GC invocations=14 (full 0):
 garbage-first heap   total 86016K, used 36202K [0x0000000080000000, 0x0000000100000000)
  region size 1024K, 4 young (4096K), 4 survivors (4096K)
 Metaspace       used 53405K, committed 53824K, reserved 1097728K
  class space    used 7095K, committed 7296K, reserved 1048576K
}
Event: 7.857 GC heap before
{Heap before GC invocations=15 (full 0):
 garbage-first heap   total 86016K, used 69994K [0x0000000080000000, 0x0000000100000000)
  region size 1024K, 34 young (34816K), 4 survivors (4096K)
 Metaspace       used 55451K, committed 55872K, reserved 1097728K
  class space    used 7366K, committed 7552K, reserved 1048576K
}
Event: 7.861 GC heap after
{Heap after GC invocations=16 (full 0):
 garbage-first heap   total 86016K, used 44407K [0x0000000080000000, 0x0000000100000000)
  region size 1024K, 5 young (5120K), 5 survivors (5120K)
 Metaspace       used 55451K, committed 55872K, reserved 1097728K
  class space    used 7366K, committed 7552K, reserved 1048576K
}
Event: 8.182 GC heap before
{Heap before GC invocations=16 (full 0):
 garbage-first heap   total 86016K, used 65911K [0x0000000080000000, 0x0000000100000000)
  region size 1024K, 26 young (26624K), 5 survivors (5120K)
 Metaspace       used 59111K, committed 59648K, reserved 1105920K
  class space    used 7810K, committed 8064K, reserved 1048576K
}
Event: 8.186 GC heap after
{Heap after GC invocations=17 (full 0):
 garbage-first heap   total 86016K, used 45703K [0x0000000080000000, 0x0000000100000000)
  region size 1024K, 1 young (1024K), 1 survivors (1024K)
 Metaspace       used 59111K, committed 59648K, reserved 1105920K
  class space    used 7810K, committed 8064K, reserved 1048576K
}
Event: 8.501 GC heap before
{Heap before GC invocations=18 (full 0):
 garbage-first heap   total 86016K, used 67207K [0x0000000080000000, 0x0000000100000000)
  region size 1024K, 22 young (22528K), 1 survivors (1024K)
 Metaspace       used 62013K, committed 62528K, reserved 1105920K
  class space    used 8176K, committed 8448K, reserved 1048576K
}
Event: 8.504 GC heap after
{Heap after GC invocations=19 (full 0):
 garbage-first heap   total 86016K, used 46472K [0x0000000080000000, 0x0000000100000000)
  region size 1024K, 2 young (2048K), 2 survivors (2048K)
 Metaspace       used 62013K, committed 62528K, reserved 1105920K
  class space    used 8176K, committed 8448K, reserved 1048576K
}
Event: 8.752 GC heap before
{Heap before GC invocations=19 (full 0):
 garbage-first heap   total 86016K, used 60808K [0x0000000080000000, 0x0000000100000000)
  region size 1024K, 17 young (17408K), 2 survivors (2048K)
 Metaspace       used 65581K, committed 66176K, reserved 1105920K
  class space    used 8627K, committed 8896K, reserved 1048576K
}
Event: 8.757 GC heap after
{Heap after GC invocations=20 (full 0):
 garbage-first heap   total 86016K, used 48537K [0x0000000080000000, 0x0000000100000000)
  region size 1024K, 3 young (3072K), 3 survivors (3072K)
 Metaspace       used 65581K, committed 66176K, reserved 1105920K
  class space    used 8627K, committed 8896K, reserved 1048576K
}

